<?xml version="1.0" encoding="UTF-8"?>
<!-- Generated by org.testng.reporters.JUnitReportReporter -->
<testsuite hostname="DESKTOP-KUBNMO4" failures="0" tests="1" name="bynow.ByNowProduct" time="85.931" errors="0" timestamp="2022-08-18T22:35:04 IST" skipped="0">
  <testcase classname="bynow.ByNowProduct" name="searchItem" time="85.931"/>
  <system-out/>
</testsuite> <!-- bynow.ByNowProduct -->
