<?xml version="1.0" encoding="UTF-8"?>
<!-- Generated by org.testng.reporters.JUnitReportReporter -->
<testsuite hostname="DESKTOP-KUBNMO4" failures="0" tests="1" name="bynow.Amazondemo" time="56.172" errors="0" timestamp="2022-08-14T11:58:32 IST" skipped="0">
  <testcase classname="bynow.Amazondemo" name="Bynow" time="56.172"/>
  <system-out/>
</testsuite> <!-- bynow.Amazondemo -->
